<?xml version="1.0" encoding="UTF-8"?>
<!-- Generated by org.testng.reporters.JUnitXMLReporter -->
<testsuite hostname="DESKTOP-EL58I09" ignored="0" tests="0" failures="0" timestamp="27 oct 2018 15:29:32 GMT" time="0.047" errors="0">
  <testcase name="@BeforeTest abrirNavegador" time="0.0" classname="common.BaseTest">
    <failure type="org.testng.TestNGException" message="
Parameter &amp;apos;browser&amp;apos; is required by BeforeTest on method abrirNavegador but has not been marked @Optional or defined
">
      <![CDATA[org.testng.TestNGException: 
Parameter 'browser' is required by BeforeTest on method abrirNavegador but has not been marked @Optional or defined

... Removed 26 stack frames]]>
    </failure>
  </testcase> <!-- @BeforeTest abrirNavegador -->
  <testcase name="@AfterTest cerrarNavegador" time="0.0" classname="common.BaseTest">
    <skipped/>
  </testcase> <!-- @AfterTest cerrarNavegador -->
</testsuite>
